{
  "RSpec": {
    "coverage": {
      "/Users/student/Makers/week10/chitter-2/spec/features/authentication_spec.rb": {
        "lines": [
          1,
          1,
          1,
          1,
          1,
          1,
          1,
          1,
          1,
          1,
          null,
          null,
          1,
          1,
          1,
          1,
          1,
          null,
          null,
          1,
          1,
          1,
          1,
          1,
          1,
          1,
          1,
          null,
          null,
          1,
          1,
          1,
          1,
          1,
          1,
          1,
          1,
          null,
          null
        ]
      },
      "/Users/student/Makers/week10/chitter-2/spec/models/user_spec.rb": {
        "lines": [
          1,
          null,
          1,
          1,
          1,
          1,
          null,
          null,
          null,
          null,
          1,
          1,
          1,
          null,
          null,
          null,
          1,
          1,
          1,
          null,
          null,
          null,
          null,
          1,
          1,
          1,
          null,
          null,
          1,
          1,
          null,
          null,
          null,
          1,
          1,
          1,
          null,
          null,
          null,
          null,
          null,
          1,
          null,
          null,
          null
        ]
      },
      "/Users/student/Makers/week10/chitter-2/models/user.rb": {
        "lines": [
          1,
          null,
          1,
          1,
          null,
          1,
          2,
          null,
          null,
          1,
          7,
          7,
          null,
          null,
          1,
          7,
          2,
          null,
          5,
          null,
          null,
          null,
          1,
          5,
          null,
          null,
          null,
          null,
          5,
          5,
          5,
          null,
          null
        ]
      }
    },
    "timestamp": 1608302845
  }
}
