{
  "RSpec": {
    "coverage": {
      "/Users/student/Makers/week10/chitter-2/spec/features/authentication_spec.rb": {
        "lines": [
          1,
          1,
          1,
          1,
          1,
          1,
          1,
          1,
          1,
          1,
          null,
          null,
          1,
          1,
          1,
          1,
          1,
          null,
          null,
          1,
          1,
          1,
          1,
          1,
          1,
          1,
          null,
          null,
          1,
          1,
          1,
          1,
          1,
          1,
          1,
          null,
          null
        ]
      },
      "/Users/student/Makers/week10/chitter-2/spec/features/peeps_spec.rb": {
        "lines": [
          1,
          1,
          1,
          1,
          1,
          1,
          1,
          null,
          null,
          1,
          1,
          1,
          1,
          1,
          1,
          null,
          null,
          1,
          1,
          null,
          null,
          null,
          null,
          null,
          1,
          1,
          1,
          null,
          null
        ]
      },
      "/Users/student/Makers/week10/chitter-2/spec/models/peep_spec.rb": {
        "lines": [
          1,
          1,
          1,
          null,
          1,
          1,
          1,
          1,
          null,
          null,
          null,
          null,
          null,
          1,
          1,
          null,
          null,
          null,
          1,
          1,
          1,
          null,
          null,
          null,
          null,
          null,
          1,
          1,
          null,
          null,
          null,
          1,
          1,
          1,
          null,
          null,
          null,
          null,
          null,
          1,
          1,
          1,
          1,
          1,
          null,
          null,
          null
        ]
      },
      "/Users/student/Makers/week10/chitter-2/models/peep.rb": {
        "lines": [
          1,
          1,
          null,
          1,
          4,
          null,
          null,
          1,
          5,
          null,
          null
        ]
      },
      "/Users/student/Makers/week10/chitter-2/models/user.rb": {
        "lines": [
          1,
          null,
          1,
          1,
          1,
          null,
          1,
          4,
          null,
          null,
          1,
          13,
          13,
          null,
          null,
          1,
          9,
          2,
          null,
          7,
          null,
          null,
          null,
          1,
          11,
          null,
          null,
          null,
          null,
          11,
          11,
          11,
          null,
          null
        ]
      },
      "/Users/student/Makers/week10/chitter-2/spec/models/user_spec.rb": {
        "lines": [
          1,
          null,
          1,
          1,
          1,
          1,
          null,
          null,
          null,
          null,
          1,
          1,
          1,
          null,
          null,
          null,
          1,
          1,
          1,
          null,
          null,
          null,
          null,
          1,
          1,
          1,
          null,
          null,
          1,
          1,
          null,
          null,
          null,
          1,
          1,
          1,
          null,
          null,
          null,
          null,
          null,
          1,
          null,
          null,
          null
        ]
      }
    },
    "timestamp": 1608308170
  }
}
